<?xml version="1.0" encoding="UTF-8"?>
<!-- Generated by org.testng.reporters.JUnitReportReporter -->
<testsuite hostname="LAPTOP-SAR5P7K4" failures="0" tests="1" name="Practice.ContactTest" time="0.009" errors="0" timestamp="2022-09-21T16:40:13 IST" skipped="0">
  <testcase classname="Practice.ContactTest" name="contact" time="0.009"/>
  <system-out/>
</testsuite> <!-- Practice.ContactTest -->
