<?xml version="1.0" encoding="UTF-8"?>
<!-- Generated by org.testng.reporters.JUnitReportReporter -->
<testsuite hostname="LAPTOP-SAR5P7K4" failures="0" tests="1" name="Practice.DemoTest" time="0.008" errors="0" timestamp="2022-09-15T17:55:09 IST" skipped="0">
  <testcase classname="Practice.DemoTest" name="demoTest" time="0.008"/>
  <system-out/>
</testsuite> <!-- Practice.DemoTest -->
